<?xml version="1.0" encoding="UTF-8"?>
<!-- Generated by org.testng.reporters.JUnitReportReporter -->
<testsuite hostname="DESKTOP-RJCO49F" failures="0" tests="1" name="testCases.TC_004_ListedANPRTest" time="5.872" errors="0" timestamp="2024-07-12T19:09:16 IST" skipped="0">
  <testcase classname="testCases.TC_004_ListedANPRTest" name="verifyListedAnprTab" time="5.872"/>
</testsuite> <!-- testCases.TC_004_ListedANPRTest -->
