<?xml version="1.0" encoding="UTF-8"?>
<!-- Generated by org.testng.reporters.JUnitReportReporter -->
<testsuite hostname="DESKTOP-RJCO49F" failures="0" tests="1" name="testCases.TC_003_BasicConfigurationTest" time="6.298" errors="0" timestamp="2024-07-12T19:09:16 IST" skipped="0">
  <testcase classname="testCases.TC_003_BasicConfigurationTest" name="verify_basicConfigarationTab" time="6.298"/>
</testsuite> <!-- testCases.TC_003_BasicConfigurationTest -->
