<?xml version="1.0" encoding="UTF-8"?>
<!-- Generated by org.testng.reporters.JUnitReportReporter -->
<testsuite hostname="DESKTOP-RJCO49F" failures="0" tests="1" name="testCases.TC_002_HomeTest" time="5.720" errors="0" timestamp="2024-07-12T19:09:16 IST" skipped="0">
  <testcase classname="testCases.TC_002_HomeTest" name="verify_liveview" time="5.720"/>
</testsuite> <!-- testCases.TC_002_HomeTest -->
